<?xml version="1.0" encoding="UTF-8"?>
<testng-results skipped="0" failed="0" ignored="0" total="1" passed="1">
  <reporter-output>
  </reporter-output>
  <suite name="Suite" duration-ms="1655" started-at="2018-06-17T06:29:32Z" finished-at="2018-06-17T06:29:33Z">
    <groups>
    </groups>
    <test name="Test" duration-ms="1655" started-at="2018-06-17T06:29:32Z" finished-at="2018-06-17T06:29:33Z">
      <class name="com.sel.sen.ExtentReport">
        <test-method status="PASS" signature="Extent_Reporting()[pri:0, instance:com.sel.sen.ExtentReport@566776ad]" name="Extent_Reporting" duration-ms="1608" started-at="2018-06-17T11:59:32Z" finished-at="2018-06-17T11:59:33Z">
          <reporter-output>
          </reporter-output>
        </test-method> <!-- Extent_Reporting -->
      </class> <!-- com.sel.sen.ExtentReport -->
    </test> <!-- Test -->
  </suite> <!-- Suite -->
</testng-results>
