<?xml version="1.0" encoding="UTF-8"?>
<testng-results skipped="0" failed="0" ignored="0" total="1" passed="1">
  <reporter-output>
  </reporter-output>
  <suite name="Default suite" duration-ms="2021" started-at="2018-06-17T18:02:36Z" finished-at="2018-06-17T18:02:38Z">
    <groups>
    </groups>
    <test name="Default test" duration-ms="2021" started-at="2018-06-17T18:02:36Z" finished-at="2018-06-17T18:02:38Z">
      <class name="ExtentReport">
        <test-method status="PASS" signature="Extent_Reporting()[pri:0, instance:ExtentReport@482f8f11]" name="Extent_Reporting" duration-ms="1934" started-at="2018-06-17T23:32:36Z" finished-at="2018-06-17T23:32:38Z">
          <reporter-output>
          </reporter-output>
        </test-method> <!-- Extent_Reporting -->
      </class> <!-- ExtentReport -->
    </test> <!-- Default test -->
  </suite> <!-- Default suite -->
</testng-results>
